<?xml version="1.0" encoding="UTF-8"?>
<!-- Generated by org.testng.reporters.JUnitXMLReporter -->
<testsuite ignored="0" hostname="DESKTOP-QTH2HED" failures="0" tests="2" name="Default test" time="34.222" errors="0" timestamp="2025-02-05T13:23:46 IST">
  <testcase classname="neoStoxTestClasses.ValidateNeoStoxUserNameUsingPropertyFile" name="validateAcBalance" time="0.056"/>
  <testcase classname="neoStoxTestClasses.ValidateNeoStoxUserNameUsingPropertyFile" name="validateNeostoxUserName" time="0.635"/>
</testsuite> <!-- Default test -->
