<?xml version="1.0" encoding="UTF-8"?>
<testng-results ignored="0" total="2" passed="2" failed="0" skipped="0">
  <reporter-output>
    <line>
      <![CDATA[Reading data from property file]]>
    </line>
    <line>
      <![CDATA[data is--> https://neostox.com/]]>
    </line>
    <line>
      <![CDATA[Launching NeostoxApp]]>
    </line>
    <line>
      <![CDATA[watting for 100ms]]>
    </line>
    <line>
      <![CDATA[clicking on signIn button]]>
    </line>
    <line>
      <![CDATA[watting for 1000ms]]>
    </line>
    <line>
      <![CDATA[Reading data from property file]]>
    </line>
    <line>
      <![CDATA[data is--> 8421489179]]>
    </line>
    <line>
      <![CDATA[entering mobile No]]>
    </line>
    <line>
      <![CDATA[clicking on submit button]]>
    </line>
    <line>
      <![CDATA[watting for 1000ms]]>
    </line>
    <line>
      <![CDATA[Reading data from property file]]>
    </line>
    <line>
      <![CDATA[data is--> 1234]]>
    </line>
    <line>
      <![CDATA[entering password]]>
    </line>
    <line>
      <![CDATA[clicking on password submit button]]>
    </line>
    <line>
      <![CDATA[watting for 1000ms]]>
    </line>
    <line>
      <![CDATA[there is no pop-up]]>
    </line>
    <line>
      <![CDATA[gettting AC Balance]]>
    </line>
    <line>
      <![CDATA[Acaount balance is--> Rs.5,00,000.00]]>
    </line>
    <line>
      <![CDATA[TCvalidateAcBalancePassed]]>
    </line>
    <line>
      <![CDATA[logging out from NeoStox]]>
    </line>
    <line>
      <![CDATA[clicking on signIn button]]>
    </line>
    <line>
      <![CDATA[watting for 1000ms]]>
    </line>
    <line>
      <![CDATA[Reading data from property file]]>
    </line>
    <line>
      <![CDATA[data is--> 8421489179]]>
    </line>
    <line>
      <![CDATA[entering mobile No]]>
    </line>
    <line>
      <![CDATA[clicking on submit button]]>
    </line>
    <line>
      <![CDATA[watting for 1000ms]]>
    </line>
    <line>
      <![CDATA[Reading data from property file]]>
    </line>
    <line>
      <![CDATA[data is--> 1234]]>
    </line>
    <line>
      <![CDATA[entering password]]>
    </line>
    <line>
      <![CDATA[clicking on password submit button]]>
    </line>
    <line>
      <![CDATA[watting for 1000ms]]>
    </line>
    <line>
      <![CDATA[there is no pop-up]]>
    </line>
    <line>
      <![CDATA[gettting actual userName]]>
    </line>
    <line>
      <![CDATA[actual userName is--> Hi Pratish Godbharle]]>
    </line>
    <line>
      <![CDATA[Reading data from property file]]>
    </line>
    <line>
      <![CDATA[data is--> Hi Pratish Godbharle]]>
    </line>
    <line>
      <![CDATA[Reading data from property file]]>
    </line>
    <line>
      <![CDATA[data is--> TCID-1234]]>
    </line>
    <line>
      <![CDATA[taking screenshort]]>
    </line>
    <line>
      <![CDATA[screenShort taken and saved at--> D:\eclipse-workspace\Screenshot\TCID-1234Ysk.png]]>
    </line>
    <line>
      <![CDATA[TCvalidateNeostoxUserNamePassed]]>
    </line>
    <line>
      <![CDATA[logging out from NeoStox]]>
    </line>
    <line>
      <![CDATA[Closing Browser]]>
    </line>
  </reporter-output>
  <suite started-at="2025-02-05T13:23:12 IST" name="Default suite" finished-at="2025-02-05T13:23:46 IST" duration-ms="34222">
    <groups>
    </groups>
    <test started-at="2025-02-05T13:23:12 IST" name="Default test" finished-at="2025-02-05T13:23:46 IST" duration-ms="34222">
      <class name="neoStoxTestClasses.ValidateNeoStoxUserNameUsingPropertyFile">
        <test-method is-config="true" signature="launchNeoStox()[pri:0, instance:neoStoxTestClasses.ValidateNeoStoxUserNameUsingPropertyFile@7eac9008]" started-at="2025-02-05T13:23:12 IST" name="launchNeoStox" finished-at="2025-02-05T13:23:20 IST" duration-ms="7629" status="PASS">
          <reporter-output>
            <line>
              <![CDATA[Reading data from property file]]>
            </line>
            <line>
              <![CDATA[data is--> https://neostox.com/]]>
            </line>
            <line>
              <![CDATA[Launching NeostoxApp]]>
            </line>
            <line>
              <![CDATA[watting for 100ms]]>
            </line>
          </reporter-output>
        </test-method> <!-- launchNeoStox -->
        <test-method is-config="true" signature="signInNeoStox()[pri:0, instance:neoStoxTestClasses.ValidateNeoStoxUserNameUsingPropertyFile@7eac9008]" started-at="2025-02-05T13:23:20 IST" name="signInNeoStox" finished-at="2025-02-05T13:23:33 IST" duration-ms="12695" status="PASS">
          <reporter-output>
            <line>
              <![CDATA[clicking on signIn button]]>
            </line>
            <line>
              <![CDATA[watting for 1000ms]]>
            </line>
            <line>
              <![CDATA[Reading data from property file]]>
            </line>
            <line>
              <![CDATA[data is--> 8421489179]]>
            </line>
            <line>
              <![CDATA[entering mobile No]]>
            </line>
            <line>
              <![CDATA[clicking on submit button]]>
            </line>
            <line>
              <![CDATA[watting for 1000ms]]>
            </line>
            <line>
              <![CDATA[Reading data from property file]]>
            </line>
            <line>
              <![CDATA[data is--> 1234]]>
            </line>
            <line>
              <![CDATA[entering password]]>
            </line>
            <line>
              <![CDATA[clicking on password submit button]]>
            </line>
            <line>
              <![CDATA[watting for 1000ms]]>
            </line>
            <line>
              <![CDATA[there is no pop-up]]>
            </line>
          </reporter-output>
        </test-method> <!-- signInNeoStox -->
        <test-method signature="validateAcBalance()[pri:0, instance:neoStoxTestClasses.ValidateNeoStoxUserNameUsingPropertyFile@7eac9008]" started-at="2025-02-05T13:23:33 IST" name="validateAcBalance" finished-at="2025-02-05T13:23:33 IST" duration-ms="56" status="PASS">
          <reporter-output>
            <line>
              <![CDATA[gettting AC Balance]]>
            </line>
            <line>
              <![CDATA[Acaount balance is--> Rs.5,00,000.00]]>
            </line>
            <line>
              <![CDATA[TCvalidateAcBalancePassed]]>
            </line>
          </reporter-output>
        </test-method> <!-- validateAcBalance -->
        <test-method is-config="true" signature="logOutFromNeoStox()[pri:0, instance:neoStoxTestClasses.ValidateNeoStoxUserNameUsingPropertyFile@7eac9008]" started-at="2025-02-05T13:23:33 IST" name="logOutFromNeoStox" finished-at="2025-02-05T13:23:34 IST" duration-ms="1523" status="PASS">
          <reporter-output>
            <line>
              <![CDATA[logging out from NeoStox]]>
            </line>
          </reporter-output>
        </test-method> <!-- logOutFromNeoStox -->
        <test-method is-config="true" signature="signInNeoStox()[pri:0, instance:neoStoxTestClasses.ValidateNeoStoxUserNameUsingPropertyFile@7eac9008]" started-at="2025-02-05T13:23:34 IST" name="signInNeoStox" finished-at="2025-02-05T13:23:39 IST" duration-ms="4353" status="PASS">
          <reporter-output>
            <line>
              <![CDATA[clicking on signIn button]]>
            </line>
            <line>
              <![CDATA[watting for 1000ms]]>
            </line>
            <line>
              <![CDATA[Reading data from property file]]>
            </line>
            <line>
              <![CDATA[data is--> 8421489179]]>
            </line>
            <line>
              <![CDATA[entering mobile No]]>
            </line>
            <line>
              <![CDATA[clicking on submit button]]>
            </line>
            <line>
              <![CDATA[watting for 1000ms]]>
            </line>
            <line>
              <![CDATA[Reading data from property file]]>
            </line>
            <line>
              <![CDATA[data is--> 1234]]>
            </line>
            <line>
              <![CDATA[entering password]]>
            </line>
            <line>
              <![CDATA[clicking on password submit button]]>
            </line>
            <line>
              <![CDATA[watting for 1000ms]]>
            </line>
            <line>
              <![CDATA[there is no pop-up]]>
            </line>
          </reporter-output>
        </test-method> <!-- signInNeoStox -->
        <test-method signature="validateNeostoxUserName()[pri:0, instance:neoStoxTestClasses.ValidateNeoStoxUserNameUsingPropertyFile@7eac9008]" started-at="2025-02-05T13:23:39 IST" name="validateNeostoxUserName" finished-at="2025-02-05T13:23:39 IST" duration-ms="635" status="PASS">
          <reporter-output>
            <line>
              <![CDATA[gettting actual userName]]>
            </line>
            <line>
              <![CDATA[actual userName is--> Hi Pratish Godbharle]]>
            </line>
            <line>
              <![CDATA[Reading data from property file]]>
            </line>
            <line>
              <![CDATA[data is--> Hi Pratish Godbharle]]>
            </line>
            <line>
              <![CDATA[Reading data from property file]]>
            </line>
            <line>
              <![CDATA[data is--> TCID-1234]]>
            </line>
            <line>
              <![CDATA[taking screenshort]]>
            </line>
            <line>
              <![CDATA[screenShort taken and saved at--> D:\eclipse-workspace\Screenshot\TCID-1234Ysk.png]]>
            </line>
            <line>
              <![CDATA[TCvalidateNeostoxUserNamePassed]]>
            </line>
          </reporter-output>
        </test-method> <!-- validateNeostoxUserName -->
        <test-method is-config="true" signature="logOutFromNeoStox()[pri:0, instance:neoStoxTestClasses.ValidateNeoStoxUserNameUsingPropertyFile@7eac9008]" started-at="2025-02-05T13:23:39 IST" name="logOutFromNeoStox" finished-at="2025-02-05T13:23:44 IST" duration-ms="4951" status="PASS">
          <reporter-output>
            <line>
              <![CDATA[logging out from NeoStox]]>
            </line>
          </reporter-output>
        </test-method> <!-- logOutFromNeoStox -->
        <test-method is-config="true" signature="closeBrowser()[pri:0, instance:neoStoxTestClasses.ValidateNeoStoxUserNameUsingPropertyFile@7eac9008]" started-at="2025-02-05T13:23:44 IST" name="closeBrowser" finished-at="2025-02-05T13:23:46 IST" duration-ms="2241" status="PASS">
          <reporter-output>
            <line>
              <![CDATA[Closing Browser]]>
            </line>
          </reporter-output>
        </test-method> <!-- closeBrowser -->
      </class> <!-- neoStoxTestClasses.ValidateNeoStoxUserNameUsingPropertyFile -->
    </test> <!-- Default test -->
  </suite> <!-- Default suite -->
</testng-results>
